{"name": "test_log_out", "status": "broken", "statusDetails": {"message": "AttributeError: module 'utils.utils' has no attribute 'whoami'", "trace": "self = <tests_login.TestLogin object at 0x00000226EBA25600>\n\n    def test_log_out(self):\n        try:\n            driver = self.driver\n            homepage = HomePage(driver)\n            homepage.click_welcome()\n            homepage.clcik_logout()\n            title = driver.title\n>           assert title == \"Orange\"\nE           AssertionError: assert 'OrangeHRM' == 'Orange'\nE             - Orange\nE             + OrangeHRM\nE             ?       +++\n\ntests\\tests_login.py:27: AssertionError\n\nDuring handling of the above exception, another exception occurred:\n\nself = <tests_login.TestLogin object at 0x00000226EBA25600>\n\n    def test_log_out(self):\n        try:\n            driver = self.driver\n            homepage = HomePage(driver)\n            homepage.click_welcome()\n            homepage.clcik_logout()\n            title = driver.title\n            assert title == \"Orange\"\n        except AssertionError as error:\n            print(\"Assertion error occured\")\n            print(error)\n            currTime = moment.now().strftime(\"%d-%m-%Y_%H-%M-%S\")\n>           testName = utils.whoami()\nE           AttributeError: module 'utils.utils' has no attribute 'whoami'\n\ntests\\tests_login.py:32: AttributeError"}, "attachments": [{"name": "stdout", "source": "df981922-0b48-488f-acad-ca09f0520a93-attachment.txt", "type": "text/plain"}], "start": 1662669523508, "stop": 1662669526523, "uuid": "c705c5a2-4ade-4789-8493-046b1f6b93e5", "historyId": "918eeb7c46b25a47ae96c9a05f88852c", "testCaseId": "3cd603f2b7a786328d27734385883be0", "fullName": "tests.tests_login.TestLogin#test_log_out", "labels": [{"name": "tag", "value": "@pytest.mark.usefixtures('test_setup')"}, {"name": "parentSuite", "value": "tests"}, {"name": "suite", "value": "tests_login"}, {"name": "subSuite", "value": "TestLogin"}, {"name": "host", "value": "DESKTOP-U63UI4D"}, {"name": "thread", "value": "21960-MainThread"}, {"name": "framework", "value": "pytest"}, {"name": "language", "value": "cpython3"}, {"name": "package", "value": "tests.tests_login"}]}