{"name": "test_log_out", "status": "broken", "statusDetails": {"message": "AttributeError: module 'moment' has no attribute 'now'", "trace": "self = <tests_login.TestLogin object at 0x0000029F7938A290>\n\n    def test_log_out(self):\n        try:\n            driver = self.driver\n            homepage = HomePage(driver)\n            homepage.click_welcome()\n            homepage.clcik_logout()\n            title = driver.title\n>           assert title == \"Orange\"\nE           AssertionError: assert 'OrangeHRM' == 'Orange'\nE             - Orange\nE             + OrangeHRM\nE             ?       +++\n\ntests\\tests_login.py:26: AssertionError\n\nDuring handling of the above exception, another exception occurred:\n\nself = <tests_login.TestLogin object at 0x0000029F7938A290>\n\n    def test_log_out(self):\n        try:\n            driver = self.driver\n            homepage = HomePage(driver)\n            homepage.click_welcome()\n            homepage.clcik_logout()\n            title = driver.title\n            assert title == \"Orange\"\n        except AssertionError as error:\n            print(\"Assertion error occured\")\n            print(error)\n>           currTime = moment.now().strftime(\"%d-%m-%Y_%H-%M-%S\")\nE           AttributeError: module 'moment' has no attribute 'now'\n\ntests\\tests_login.py:30: AttributeError"}, "attachments": [{"name": "stdout", "source": "a1b420ed-5521-4574-8de7-612ec4705c36-attachment.txt", "type": "text/plain"}], "start": 1662669277723, "stop": 1662669280505, "uuid": "b90fad83-2f2d-43d0-b55c-8e5ddd76d0d2", "historyId": "918eeb7c46b25a47ae96c9a05f88852c", "testCaseId": "3cd603f2b7a786328d27734385883be0", "fullName": "tests.tests_login.TestLogin#test_log_out", "labels": [{"name": "tag", "value": "@pytest.mark.usefixtures('test_setup')"}, {"name": "parentSuite", "value": "tests"}, {"name": "suite", "value": "tests_login"}, {"name": "subSuite", "value": "TestLogin"}, {"name": "host", "value": "DESKTOP-U63UI4D"}, {"name": "thread", "value": "3088-MainThread"}, {"name": "framework", "value": "pytest"}, {"name": "language", "value": "cpython3"}, {"name": "package", "value": "tests.tests_login"}]}